#
# A fatal error has been detected by the Java Runtime Environment:
#
#  EXCEPTION_ACCESS_VIOLATION (0xc0000005) at pc=0x00007ffb42f0b6e6, pid=31380, tid=29264
#
# JRE version: Java(TM) SE Runtime Environment (11.0.4+10) (build 11.0.4+10-LTS)
# Java VM: Java HotSpot(TM) 64-Bit Server VM (11.0.4+10-LTS, mixed mode, tiered, compressed oops, g1 gc, windows-amd64)
# Problematic frame:
# C  [glass.dll+0x1b6e6]
#
# No core dump will be written. Minidumps are not enabled by default on client versions of Windows
#
# If you would like to submit a bug report, please visit:
#   http://bugreport.java.com/bugreport/crash.jsp
# The crash happened outside the Java Virtual Machine in native code.
# See problematic frame for where to report the bug.
#

---------------  S U M M A R Y ------------

Command Line: -javaagent:C:\Users\NarF\AppData\Local\JetBrains\Toolbox\apps\IDEA-U\ch-0\192.5728.98\lib\idea_rt.jar=53849:C:\Users\NarF\AppData\Local\JetBrains\Toolbox\apps\IDEA-U\ch-0\192.5728.98\bin -Dfile.encoding=UTF-8 --module-path=D:\NarF\Documents\IdeaProjects\tiendaclub\target\classes;C:\Users\NarF\.m2\repository\org\mariadb\jdbc\mariadb-java-client\2.4.2\mariadb-java-client-2.4.2.jar;C:\Users\NarF\.m2\repository\org\openjfx\javafx-controls\11.0.2\javafx-controls-11.0.2.jar;C:\Users\NarF\.m2\repository\org\openjfx\javafx-controls\11.0.2\javafx-controls-11.0.2-win.jar;C:\Users\NarF\.m2\repository\org\openjfx\javafx-graphics\11.0.2\javafx-graphics-11.0.2.jar;C:\Users\NarF\.m2\repository\org\openjfx\javafx-graphics\11.0.2\javafx-graphics-11.0.2-win.jar;C:\Users\NarF\.m2\repository\org\openjfx\javafx-fxml\11.0.2\javafx-fxml-11.0.2.jar;C:\Users\NarF\.m2\repository\org\openjfx\javafx-fxml\11.0.2\javafx-fxml-11.0.2-win.jar;C:\Users\NarF\.m2\repository\org\controlsfx\controlsfx\11.0.0\controlsfx-11.0.0.jar;C:\Users\NarF\.m2\repository\org\openjfx\javafx-base\11\javafx-base-11.jar;C:\Users\NarF\.m2\repository\org\openjfx\javafx-base\11\javafx-base-11-win.jar;C:\Users\NarF\.m2\repository\org\openjfx\javafx-media\11\javafx-media-11.jar;C:\Users\NarF\.m2\repository\org\openjfx\javafx-media\11\javafx-media-11-win.jar;C:\Users\NarF\.m2\repository\org\openjfx\javafx-web\11\javafx-web-11.jar;C:\Users\NarF\.m2\repository\org\openjfx\javafx-web\11\javafx-web-11-win.jar -Djdk.module.main=tiendaclub tiendaclub/tiendaclub.MainFX

Host: AMD FX(tm)-8150 Eight-Core Processor           , 8 cores, 15G,  Windows 10 , 64 bit Build 18922 (10.0.18922.1000)
Time: Tue Aug  6 23:06:21 2019 Romance Daylight Time elapsed time: 17 seconds (0d 0h 0m 17s)

---------------  T H R E A D  ---------------

Current thread (0x00000298f0e21000):  JavaThread "JavaFX Application Thread" [_thread_in_native, id=29264, stack(0x000000bc56200000,0x000000bc56300000)]

Stack: [0x000000bc56200000,0x000000bc56300000],  sp=0x000000bc562fc100,  free space=1008k
Native frames: (J=compiled Java code, j=interpreted, Vv=VM code, C=native code)
C  [glass.dll+0x1b6e6]

Java frames: (J=compiled Java code, j=interpreted, Vv=VM code)
j  com.sun.glass.ui.win.WinWindow._close(J)Z+0 javafx.graphics
j  com.sun.glass.ui.Window.close()V+63 javafx.graphics
j  com.sun.glass.ui.win.WinWindow.close()V+8 javafx.graphics
j  com.sun.glass.ui.Application.terminate()V+75 javafx.graphics
j  com.sun.javafx.tk.quantum.QuantumToolkit.lambda$exit$13()Ljava/lang/Object;+5 javafx.graphics
j  com.sun.javafx.tk.quantum.QuantumToolkit$$Lambda$1003.get()Ljava/lang/Object;+0 javafx.graphics
j  com.sun.javafx.tk.quantum.QuantumToolkit.runWithRenderLock(Ljava/util/function/Supplier;)Ljava/lang/Object;+7 javafx.graphics
j  com.sun.javafx.tk.quantum.QuantumToolkit.exit()V+26 javafx.graphics
j  com.sun.javafx.application.PlatformImpl.lambda$tkExit$16()V+3 javafx.graphics
j  com.sun.javafx.application.PlatformImpl$$Lambda$1002.run()V+0 javafx.graphics
j  com.sun.javafx.application.PlatformImpl.lambda$runAndWait$12(Ljava/lang/Runnable;Ljava/util/concurrent/CountDownLatch;)V+1 javafx.graphics
j  com.sun.javafx.application.PlatformImpl$$Lambda$112.run()V+8 javafx.graphics
j  com.sun.javafx.application.PlatformImpl.lambda$runLater$10(Ljava/lang/Runnable;)Ljava/lang/Void;+1 javafx.graphics
j  com.sun.javafx.application.PlatformImpl$$Lambda$115.run()Ljava/lang/Object;+4 javafx.graphics
v  ~StubRoutines::call_stub
J 2778  java.security.AccessController.doPrivileged(Ljava/security/PrivilegedAction;Ljava/security/AccessControlContext;)Ljava/lang/Object; java.base@11.0.4 (0 bytes) @ 0x00000298db65d436 [0x00000298db65d3c0+0x0000000000000076]
j  com.sun.javafx.application.PlatformImpl.lambda$runLater$11(Ljava/lang/Runnable;Ljava/security/AccessControlContext;)V+7 javafx.graphics
j  com.sun.javafx.application.PlatformImpl$$Lambda$113.run()V+8 javafx.graphics
j  com.sun.glass.ui.InvokeLaterDispatcher$Future.run()V+4 javafx.graphics
v  ~StubRoutines::call_stub
j  com.sun.glass.ui.win.WinApplication._runLoop(Ljava/lang/Runnable;)V+0 javafx.graphics
j  com.sun.glass.ui.win.WinApplication.lambda$runLoop$3(ILjava/lang/Runnable;)V+8 javafx.graphics
j  com.sun.glass.ui.win.WinApplication$$Lambda$103.run()V+12 javafx.graphics
j  java.lang.Thread.run()V+11 java.base@11.0.4
v  ~StubRoutines::call_stub

siginfo: EXCEPTION_ACCESS_VIOLATION (0xc0000005), reading address 0x0000000000000130


Register to memory mapping:

RIP=0x00007ffb42f0b6e6 glass.dll
RAX=0x0 is NULL
RBX=0x0 is NULL
RCX=0x0 is NULL
RDX=0x0 is NULL
RSP=0x000000bc562fc100 is pointing into the stack for thread: 0x00000298f0e21000
RBP=0x0 is NULL
RSI=0x00000298f09b82c0 points into unknown readable memory: 58 8c f1 42 fb 7f 00 00
RDI=0x000000bc562fc470 is pointing into the stack for thread: 0x00000298f0e21000
R8 =0x000000bc562fc470 is pointing into the stack for thread: 0x00000298f0e21000
R9 =0x0 is NULL
R10=0x00007ffb42f18c58 glass.dll
R11=0x0000000000000246 is an unknown value
R12=0x0 is NULL
R13=0x0000000000000401 is an unknown value
R14=0x0 is NULL
R15=0x0 is NULL


Registers:
RAX=0x0000000000000000, RBX=0x0000000000000000, RCX=0x0000000000000000, RDX=0x0000000000000000
RSP=0x000000bc562fc100, RBP=0x0000000000000000, RSI=0x00000298f09b82c0, RDI=0x000000bc562fc470
R8 =0x000000bc562fc470, R9 =0x0000000000000000, R10=0x00007ffb42f18c58, R11=0x0000000000000246
R12=0x0000000000000000, R13=0x0000000000000401, R14=0x0000000000000000, R15=0x0000000000000000
RIP=0x00007ffb42f0b6e6, EFLAGS=0x0000000000010206

Top of Stack: (sp=0x000000bc562fc100)
0x000000bc562fc100:   0000000000000578 0000000000000000
0x000000bc562fc110:   0000000000000000 000000bc562fc120
0x000000bc562fc120:   000000bc562fc470 00007ffb42f0a121
0x000000bc562fc130:   0000000000000000 0000000000000401
0x000000bc562fc140:   00000298f09b82c0 0000000000000000
0x000000bc562fc150:   000000bc562fc470 00007ffb42efa2a9
0x000000bc562fc160:   0000000000000401 00007ffb9419ad39
0x000000bc562fc170:   0000000000000000 0000000000000001
0x000000bc562fc180:   fffffffffffffffe 0000000080000022
0x000000bc562fc190:   0000000000000000 00007ffb42ef17a8
0x000000bc562fc1a0:   00000298f09b82c0 000000bc562fc470
0x000000bc562fc1b0:   0000000000000401 00000000027f1184
0x000000bc562fc1c0:   0000000000000000 00007ffb9419f257
0x000000bc562fc1d0:   0000000000000001 000000bc562fc3b0
0x000000bc562fc1e0:   0000000000000000 0000000080000022
0x000000bc562fc1f0:   00000000f1e80a00 00000298f0e21000 

Instructions: (pc=0x00007ffb42f0b6e6)
0x00007ffb42f0b6c6:   16 36 00 00 48 8b c8 e8 2e 35 00 00 48 8b 5c 24
0x00007ffb42f0b6d6:   40 48 83 c4 30 5f c3 cc cc cc 40 57 48 83 ec 20
0x00007ffb42f0b6e6:   48 8b 81 30 01 00 00 48 8b f9 48 85 c0 75 04 48
0x00007ffb42f0b6f6:   8b 41 08 48 3b 05 00 17 02 00 75 3b 48 89 5c 24 


Stack slot to memory mapping:
stack at sp + 0 slots: 0x0000000000000578 is an unknown value
stack at sp + 1 slots: 0x0 is NULL
stack at sp + 2 slots: 0x0 is NULL
stack at sp + 3 slots: 0x000000bc562fc120 is pointing into the stack for thread: 0x00000298f0e21000
stack at sp + 4 slots: 0x000000bc562fc470 is pointing into the stack for thread: 0x00000298f0e21000
stack at sp + 5 slots: 0x00007ffb42f0a121 glass.dll
stack at sp + 6 slots: 0x0 is NULL
stack at sp + 7 slots: 0x0000000000000401 is an unknown value


---------------  P R O C E S S  ---------------

Threads class SMR info:
_java_thread_list=0x00000298f74a4d90, length=18, elements={
0x00000298cb6d3800, 0x00000298ef7d3000, 0x00000298f008c800, 0x00000298f00dd800,
0x00000298f00de800, 0x00000298f00e3000, 0x00000298f00ed000, 0x00000298f00ef000,
0x00000298f0257800, 0x00000298f0660800, 0x00000298f0661800, 0x00000298f0868800,
0x00000298f0e3b800, 0x00000298f0e21000, 0x00000298f0c0e000, 0x00000298f0970800,
0x00000298f0808800, 0x00000298f750d000
}

Java Threads: ( => current thread )
  0x00000298cb6d3800 JavaThread "main" [_thread_blocked, id=29328, stack(0x000000bc54c00000,0x000000bc54d00000)]
  0x00000298ef7d3000 JavaThread "Reference Handler" daemon [_thread_blocked, id=31688, stack(0x000000bc55300000,0x000000bc55400000)]
  0x00000298f008c800 JavaThread "Finalizer" daemon [_thread_blocked, id=32500, stack(0x000000bc55400000,0x000000bc55500000)]
  0x00000298f00dd800 JavaThread "Signal Dispatcher" daemon [_thread_blocked, id=13624, stack(0x000000bc55500000,0x000000bc55600000)]
  0x00000298f00de800 JavaThread "Attach Listener" daemon [_thread_blocked, id=33592, stack(0x000000bc55600000,0x000000bc55700000)]
  0x00000298f00e3000 JavaThread "C2 CompilerThread0" daemon [_thread_blocked, id=34392, stack(0x000000bc55700000,0x000000bc55800000)]
  0x00000298f00ed000 JavaThread "C1 CompilerThread0" daemon [_thread_blocked, id=11860, stack(0x000000bc55800000,0x000000bc55900000)]
  0x00000298f00ef000 JavaThread "Sweeper thread" daemon [_thread_blocked, id=27436, stack(0x000000bc55900000,0x000000bc55a00000)]
  0x00000298f0257800 JavaThread "Common-Cleaner" daemon [_thread_blocked, id=34096, stack(0x000000bc55a00000,0x000000bc55b00000)]
  0x00000298f0660800 JavaThread "Monitor Ctrl-Break" daemon [_thread_in_native, id=29632, stack(0x000000bc55d00000,0x000000bc55e00000)]
  0x00000298f0661800 JavaThread "Service Thread" daemon [_thread_blocked, id=33076, stack(0x000000bc55e00000,0x000000bc55f00000)]
  0x00000298f0868800 JavaThread "QuantumRenderer-0" daemon [_thread_blocked, id=28368, stack(0x000000bc55b00000,0x000000bc55c00000)]
  0x00000298f0e3b800 JavaThread "InvokeLaterDispatcher" daemon [_thread_blocked, id=30988, stack(0x000000bc56100000,0x000000bc56200000)]
=>0x00000298f0e21000 JavaThread "JavaFX Application Thread" [_thread_in_native, id=29264, stack(0x000000bc56200000,0x000000bc56300000)]
  0x00000298f0c0e000 JavaThread "Thread-1" daemon [_thread_in_native, id=28012, stack(0x000000bc56900000,0x000000bc56a00000)]
  0x00000298f0970800 JavaThread "JavaFX-Launcher" [_thread_blocked, id=31288, stack(0x000000bc56a00000,0x000000bc56b00000)]
  0x00000298f0808800 JavaThread "Prism Font Disposer" daemon [_thread_blocked, id=29892, stack(0x000000bc57000000,0x000000bc57100000)]
  0x00000298f750d000 JavaThread "Cleaner-0" daemon [_thread_blocked, id=32236, stack(0x000000bc57100000,0x000000bc57200000)]

Other Threads:
  0x00000298ef7ce800 VMThread "VM Thread" [stack: 0x000000bc55200000,0x000000bc55300000] [id=34680]
  0x00000298f06cd800 WatcherThread [stack: 0x000000bc55f00000,0x000000bc56000000] [id=28048]
  0x00000298cb6eb800 GCTaskThread "GC Thread#0" [stack: 0x000000bc54d00000,0x000000bc54e00000] [id=28832]
  0x00000298f0d0e000 GCTaskThread "GC Thread#1" [stack: 0x000000bc56b00000,0x000000bc56c00000] [id=26060]
  0x00000298f0f43000 GCTaskThread "GC Thread#2" [stack: 0x000000bc56c00000,0x000000bc56d00000] [id=11496]
  0x00000298f0f43800 GCTaskThread "GC Thread#3" [stack: 0x000000bc56d00000,0x000000bc56e00000] [id=1328]
  0x00000298f1107800 GCTaskThread "GC Thread#4" [stack: 0x000000bc56e00000,0x000000bc56f00000] [id=25380]
  0x00000298f1108000 GCTaskThread "GC Thread#5" [stack: 0x000000bc56f00000,0x000000bc57000000] [id=24672]
  0x00000298cb74a800 ConcurrentGCThread "G1 Main Marker" [stack: 0x000000bc54e00000,0x000000bc54f00000] [id=14420]
  0x00000298cb74d000 ConcurrentGCThread "G1 Conc#0" [stack: 0x000000bc54f00000,0x000000bc55000000] [id=33340]
  0x00000298f15a6800 ConcurrentGCThread "G1 Conc#1" [stack: 0x000000bc57300000,0x000000bc57400000] [id=31444]
  0x00000298cb7be000 ConcurrentGCThread "G1 Refine#0" [stack: 0x000000bc55000000,0x000000bc55100000] [id=23668]
  0x00000298f15d1800 ConcurrentGCThread "G1 Refine#1" [stack: 0x000000bc57800000,0x000000bc57900000] [id=17172]
  0x00000298ef6bd800 ConcurrentGCThread "G1 Young RemSet Sampling" [stack: 0x000000bc55100000,0x000000bc55200000] [id=29256]

Threads with active compile tasks:

VM state:not at safepoint (normal execution)

VM Mutex/Monitor currently owned by a thread: None

Heap address: 0x0000000700c00000, size: 4084 MB, Compressed Oops mode: Zero based, Oop shift amount: 3
Narrow klass base: 0x0000000800000000, Narrow klass shift: 0
Compressed class space size: 1073741824 Address: 0x0000000800000000

Heap:
 garbage-first heap   total 262144K, used 24099K [0x0000000700c00000, 0x0000000800000000)
  region size 1024K, 18 young (18432K), 8 survivors (8192K)
 Metaspace       used 32947K, capacity 34820K, committed 34992K, reserved 1079296K
  class space    used 4421K, capacity 5250K, committed 5376K, reserved 1048576K
Heap Regions: E=young(eden), S=young(survivor), O=old, HS=humongous(starts), HC=humongous(continues), CS=collection set, F=free, A=archive, TAMS=top-at-mark-start (previous, next)
|   0|0x0000000700c00000, 0x0000000700d00000, 0x0000000700d00000|100%| O|  |TAMS 0x0000000700c3b800, 0x0000000700c00000| Untracked 
|   1|0x0000000700d00000, 0x0000000700e00000, 0x0000000700e00000|100%|HS|  |TAMS 0x0000000700d00000, 0x0000000700d00000| Complete 
|   2|0x0000000700e00000, 0x0000000700f00000, 0x0000000700f00000|100%|HC|  |TAMS 0x0000000700e00000, 0x0000000700e00000| Complete 
|   3|0x0000000700f00000, 0x0000000701000000, 0x0000000701000000|100%| O|  |TAMS 0x0000000700f00000, 0x0000000700f00000| Untracked 
|   4|0x0000000701000000, 0x0000000701100000, 0x0000000701100000|100%| O|  |TAMS 0x0000000701000000, 0x0000000701000000| Untracked 
|   5|0x0000000701100000, 0x0000000701200000, 0x0000000701200000|100%| O|  |TAMS 0x0000000701100000, 0x0000000701100000| Untracked 
|   6|0x0000000701200000, 0x0000000701288c00, 0x0000000701300000| 53%| O|  |TAMS 0x0000000701200000, 0x0000000701200000| Untracked 
|   7|0x0000000701300000, 0x0000000701300000, 0x0000000701400000|  0%| F|  |TAMS 0x0000000701300000, 0x0000000701300000| Untracked 
|   8|0x0000000701400000, 0x0000000701400000, 0x0000000701500000|  0%| F|  |TAMS 0x0000000701400000, 0x0000000701400000| Untracked 
|   9|0x0000000701500000, 0x0000000701500000, 0x0000000701600000|  0%| F|  |TAMS 0x0000000701500000, 0x0000000701500000| Untracked 
|  10|0x0000000701600000, 0x0000000701600000, 0x0000000701700000|  0%| F|  |TAMS 0x0000000701600000, 0x0000000701600000| Untracked 
|  11|0x0000000701700000, 0x0000000701700000, 0x0000000701800000|  0%| F|  |TAMS 0x0000000701700000, 0x0000000701700000| Untracked 
|  12|0x0000000701800000, 0x0000000701800000, 0x0000000701900000|  0%| F|  |TAMS 0x0000000701800000, 0x0000000701800000| Untracked 
|  13|0x0000000701900000, 0x0000000701900000, 0x0000000701a00000|  0%| F|  |TAMS 0x0000000701900000, 0x0000000701900000| Untracked 
|  14|0x0000000701a00000, 0x0000000701a00000, 0x0000000701b00000|  0%| F|  |TAMS 0x0000000701a00000, 0x0000000701a00000| Untracked 
|  15|0x0000000701b00000, 0x0000000701b00000, 0x0000000701c00000|  0%| F|  |TAMS 0x0000000701b00000, 0x0000000701b00000| Untracked 
|  16|0x0000000701c00000, 0x0000000701c00000, 0x0000000701d00000|  0%| F|  |TAMS 0x0000000701c00000, 0x0000000701c00000| Untracked 
|  17|0x0000000701d00000, 0x0000000701d00000, 0x0000000701e00000|  0%| F|  |TAMS 0x0000000701d00000, 0x0000000701d00000| Untracked 
|  18|0x0000000701e00000, 0x0000000701e00000, 0x0000000701f00000|  0%| F|  |TAMS 0x0000000701e00000, 0x0000000701e00000| Untracked 
|  19|0x0000000701f00000, 0x0000000701f00000, 0x0000000702000000|  0%| F|  |TAMS 0x0000000701f00000, 0x0000000701f00000| Untracked 
|  20|0x0000000702000000, 0x0000000702000000, 0x0000000702100000|  0%| F|  |TAMS 0x0000000702000000, 0x0000000702000000| Untracked 
|  21|0x0000000702100000, 0x0000000702100000, 0x0000000702200000|  0%| F|  |TAMS 0x0000000702100000, 0x0000000702100000| Untracked 
|  22|0x0000000702200000, 0x0000000702200000, 0x0000000702300000|  0%| F|  |TAMS 0x0000000702200000, 0x0000000702200000| Untracked 
|  23|0x0000000702300000, 0x0000000702300000, 0x0000000702400000|  0%| F|  |TAMS 0x0000000702300000, 0x0000000702300000| Untracked 
|  24|0x0000000702400000, 0x0000000702400000, 0x0000000702500000|  0%| F|  |TAMS 0x0000000702400000, 0x0000000702400000| Untracked 
|  25|0x0000000702500000, 0x0000000702500000, 0x0000000702600000|  0%| F|  |TAMS 0x0000000702500000, 0x0000000702500000| Untracked 
|  26|0x0000000702600000, 0x0000000702600000, 0x0000000702700000|  0%| F|  |TAMS 0x0000000702600000, 0x0000000702600000| Untracked 
|  27|0x0000000702700000, 0x0000000702700000, 0x0000000702800000|  0%| F|  |TAMS 0x0000000702700000, 0x0000000702700000| Untracked 
|  28|0x0000000702800000, 0x0000000702800000, 0x0000000702900000|  0%| F|  |TAMS 0x0000000702800000, 0x0000000702800000| Untracked 
|  29|0x0000000702900000, 0x0000000702900000, 0x0000000702a00000|  0%| F|  |TAMS 0x0000000702900000, 0x0000000702900000| Untracked 
|  30|0x0000000702a00000, 0x0000000702a00000, 0x0000000702b00000|  0%| F|  |TAMS 0x0000000702a00000, 0x0000000702a00000| Untracked 
|  31|0x0000000702b00000, 0x0000000702b00000, 0x0000000702c00000|  0%| F|  |TAMS 0x0000000702b00000, 0x0000000702b00000| Untracked 
|  32|0x0000000702c00000, 0x0000000702c00000, 0x0000000702d00000|  0%| F|  |TAMS 0x0000000702c00000, 0x0000000702c00000| Untracked 
|  33|0x0000000702d00000, 0x0000000702d00000, 0x0000000702e00000|  0%| F|  |TAMS 0x0000000702d00000, 0x0000000702d00000| Untracked 
|  34|0x0000000702e00000, 0x0000000702e00000, 0x0000000702f00000|  0%| F|  |TAMS 0x0000000702e00000, 0x0000000702e00000| Untracked 
|  35|0x0000000702f00000, 0x0000000702f00000, 0x0000000703000000|  0%| F|  |TAMS 0x0000000702f00000, 0x0000000702f00000| Untracked 
|  36|0x0000000703000000, 0x0000000703000000, 0x0000000703100000|  0%| F|  |TAMS 0x0000000703000000, 0x0000000703000000| Untracked 
|  37|0x0000000703100000, 0x0000000703100000, 0x0000000703200000|  0%| F|  |TAMS 0x0000000703100000, 0x0000000703100000| Untracked 
|  38|0x0000000703200000, 0x0000000703200000, 0x0000000703300000|  0%| F|  |TAMS 0x0000000703200000, 0x0000000703200000| Untracked 
|  39|0x0000000703300000, 0x0000000703300000, 0x0000000703400000|  0%| F|  |TAMS 0x0000000703300000, 0x0000000703300000| Untracked 
|  40|0x0000000703400000, 0x0000000703400000, 0x0000000703500000|  0%| F|  |TAMS 0x0000000703400000, 0x0000000703400000| Untracked 
|  41|0x0000000703500000, 0x0000000703500000, 0x0000000703600000|  0%| F|  |TAMS 0x0000000703500000, 0x0000000703500000| Untracked 
|  42|0x0000000703600000, 0x0000000703600000, 0x0000000703700000|  0%| F|  |TAMS 0x0000000703600000, 0x0000000703600000| Untracked 
|  43|0x0000000703700000, 0x0000000703700000, 0x0000000703800000|  0%| F|  |TAMS 0x0000000703700000, 0x0000000703700000| Untracked 
|  44|0x0000000703800000, 0x0000000703800000, 0x0000000703900000|  0%| F|  |TAMS 0x0000000703800000, 0x0000000703800000| Untracked 
|  45|0x0000000703900000, 0x0000000703900000, 0x0000000703a00000|  0%| F|  |TAMS 0x0000000703900000, 0x0000000703900000| Untracked 
|  46|0x0000000703a00000, 0x0000000703a00000, 0x0000000703b00000|  0%| F|  |TAMS 0x0000000703a00000, 0x0000000703a00000| Untracked 
|  47|0x0000000703b00000, 0x0000000703b00000, 0x0000000703c00000|  0%| F|  |TAMS 0x0000000703b00000, 0x0000000703b00000| Untracked 
|  48|0x0000000703c00000, 0x0000000703c00000, 0x0000000703d00000|  0%| F|  |TAMS 0x0000000703c00000, 0x0000000703c00000| Untracked 
|  49|0x0000000703d00000, 0x0000000703d00000, 0x0000000703e00000|  0%| F|  |TAMS 0x0000000703d00000, 0x0000000703d00000| Untracked 
|  50|0x0000000703e00000, 0x0000000703e00000, 0x0000000703f00000|  0%| F|  |TAMS 0x0000000703e00000, 0x0000000703e00000| Untracked 
|  51|0x0000000703f00000, 0x0000000703f00000, 0x0000000704000000|  0%| F|  |TAMS 0x0000000703f00000, 0x0000000703f00000| Untracked 
|  52|0x0000000704000000, 0x0000000704000000, 0x0000000704100000|  0%| F|  |TAMS 0x0000000704000000, 0x0000000704000000| Untracked 
|  53|0x0000000704100000, 0x0000000704100000, 0x0000000704200000|  0%| F|  |TAMS 0x0000000704100000, 0x0000000704100000| Untracked 
|  54|0x0000000704200000, 0x0000000704200000, 0x0000000704300000|  0%| F|  |TAMS 0x0000000704200000, 0x0000000704200000| Untracked 
|  55|0x0000000704300000, 0x0000000704300000, 0x0000000704400000|  0%| F|  |TAMS 0x0000000704300000, 0x0000000704300000| Untracked 
|  56|0x0000000704400000, 0x0000000704400000, 0x0000000704500000|  0%| F|  |TAMS 0x0000000704400000, 0x0000000704400000| Untracked 
|  57|0x0000000704500000, 0x0000000704500000, 0x0000000704600000|  0%| F|  |TAMS 0x0000000704500000, 0x0000000704500000| Untracked 
|  58|0x0000000704600000, 0x0000000704600000, 0x0000000704700000|  0%| F|  |TAMS 0x0000000704600000, 0x0000000704600000| Untracked 
|  59|0x0000000704700000, 0x0000000704700000, 0x0000000704800000|  0%| F|  |TAMS 0x0000000704700000, 0x0000000704700000| Untracked 
|  60|0x0000000704800000, 0x0000000704800000, 0x0000000704900000|  0%| F|  |TAMS 0x0000000704800000, 0x0000000704800000| Untracked 
|  61|0x0000000704900000, 0x0000000704900000, 0x0000000704a00000|  0%| F|  |TAMS 0x0000000704900000, 0x0000000704900000| Untracked 
|  62|0x0000000704a00000, 0x0000000704a00000, 0x0000000704b00000|  0%| F|  |TAMS 0x0000000704a00000, 0x0000000704a00000| Untracked 
|  63|0x0000000704b00000, 0x0000000704b00000, 0x0000000704c00000|  0%| F|  |TAMS 0x0000000704b00000, 0x0000000704b00000| Untracked 
|  64|0x0000000704c00000, 0x0000000704c00000, 0x0000000704d00000|  0%| F|  |TAMS 0x0000000704c00000, 0x0000000704c00000| Untracked 
|  65|0x0000000704d00000, 0x0000000704d00000, 0x0000000704e00000|  0%| F|  |TAMS 0x0000000704d00000, 0x0000000704d00000| Untracked 
|  66|0x0000000704e00000, 0x0000000704e00000, 0x0000000704f00000|  0%| F|  |TAMS 0x0000000704e00000, 0x0000000704e00000| Untracked 
|  67|0x0000000704f00000, 0x0000000704f00000, 0x0000000705000000|  0%| F|  |TAMS 0x0000000704f00000, 0x0000000704f00000| Untracked 
|  68|0x0000000705000000, 0x0000000705000000, 0x0000000705100000|  0%| F|  |TAMS 0x0000000705000000, 0x0000000705000000| Untracked 
|  69|0x0000000705100000, 0x0000000705100000, 0x0000000705200000|  0%| F|  |TAMS 0x0000000705100000, 0x0000000705100000| Untracked 
|  70|0x0000000705200000, 0x0000000705200000, 0x0000000705300000|  0%| F|  |TAMS 0x0000000705200000, 0x0000000705200000| Untracked 
|  71|0x0000000705300000, 0x0000000705300000, 0x0000000705400000|  0%| F|  |TAMS 0x0000000705300000, 0x0000000705300000| Untracked 
|  72|0x0000000705400000, 0x0000000705400000, 0x0000000705500000|  0%| F|  |TAMS 0x0000000705400000, 0x0000000705400000| Untracked 
|  73|0x0000000705500000, 0x0000000705500000, 0x0000000705600000|  0%| F|  |TAMS 0x0000000705500000, 0x0000000705500000| Untracked 
|  74|0x0000000705600000, 0x0000000705600000, 0x0000000705700000|  0%| F|  |TAMS 0x0000000705600000, 0x0000000705600000| Untracked 
|  75|0x0000000705700000, 0x0000000705700000, 0x0000000705800000|  0%| F|  |TAMS 0x0000000705700000, 0x0000000705700000| Untracked 
|  76|0x0000000705800000, 0x0000000705800000, 0x0000000705900000|  0%| F|  |TAMS 0x0000000705800000, 0x0000000705800000| Untracked 
|  77|0x0000000705900000, 0x0000000705900000, 0x0000000705a00000|  0%| F|  |TAMS 0x0000000705900000, 0x0000000705900000| Untracked 
|  78|0x0000000705a00000, 0x0000000705a00000, 0x0000000705b00000|  0%| F|  |TAMS 0x0000000705a00000, 0x0000000705a00000| Untracked 
|  79|0x0000000705b00000, 0x0000000705b00000, 0x0000000705c00000|  0%| F|  |TAMS 0x0000000705b00000, 0x0000000705b00000| Untracked 
|  80|0x0000000705c00000, 0x0000000705c00000, 0x0000000705d00000|  0%| F|  |TAMS 0x0000000705c00000, 0x0000000705c00000| Untracked 
|  81|0x0000000705d00000, 0x0000000705d00000, 0x0000000705e00000|  0%| F|  |TAMS 0x0000000705d00000, 0x0000000705d00000| Untracked 
|  82|0x0000000705e00000, 0x0000000705e00000, 0x0000000705f00000|  0%| F|  |TAMS 0x0000000705e00000, 0x0000000705e00000| Untracked 
|  83|0x0000000705f00000, 0x0000000705f00000, 0x0000000706000000|  0%| F|  |TAMS 0x0000000705f00000, 0x0000000705f00000| Untracked 
|  84|0x0000000706000000, 0x0000000706000000, 0x0000000706100000|  0%| F|  |TAMS 0x0000000706000000, 0x0000000706000000| Untracked 
|  85|0x0000000706100000, 0x0000000706100000, 0x0000000706200000|  0%| F|  |TAMS 0x0000000706100000, 0x0000000706100000| Untracked 
|  86|0x0000000706200000, 0x0000000706200000, 0x0000000706300000|  0%| F|  |TAMS 0x0000000706200000, 0x0000000706200000| Untracked 
|  87|0x0000000706300000, 0x0000000706300000, 0x0000000706400000|  0%| F|  |TAMS 0x0000000706300000, 0x0000000706300000| Untracked 
|  88|0x0000000706400000, 0x0000000706400000, 0x0000000706500000|  0%| F|  |TAMS 0x0000000706400000, 0x0000000706400000| Untracked 
|  89|0x0000000706500000, 0x0000000706500000, 0x0000000706600000|  0%| F|  |TAMS 0x0000000706500000, 0x0000000706500000| Untracked 
|  90|0x0000000706600000, 0x0000000706600000, 0x0000000706700000|  0%| F|  |TAMS 0x0000000706600000, 0x0000000706600000| Untracked 
|  91|0x0000000706700000, 0x0000000706700000, 0x0000000706800000|  0%| F|  |TAMS 0x0000000706700000, 0x0000000706700000| Untracked 
|  92|0x0000000706800000, 0x0000000706800000, 0x0000000706900000|  0%| F|  |TAMS 0x0000000706800000, 0x0000000706800000| Untracked 
|  93|0x0000000706900000, 0x0000000706900000, 0x0000000706a00000|  0%| F|  |TAMS 0x0000000706900000, 0x0000000706900000| Untracked 
|  94|0x0000000706a00000, 0x0000000706a00000, 0x0000000706b00000|  0%| F|  |TAMS 0x0000000706a00000, 0x0000000706a00000| Untracked 
|  95|0x0000000706b00000, 0x0000000706b00000, 0x0000000706c00000|  0%| F|  |TAMS 0x0000000706b00000, 0x0000000706b00000| Untracked 
|  96|0x0000000706c00000, 0x0000000706c00000, 0x0000000706d00000|  0%| F|  |TAMS 0x0000000706c00000, 0x0000000706c00000| Untracked 
|  97|0x0000000706d00000, 0x0000000706d00000, 0x0000000706e00000|  0%| F|  |TAMS 0x0000000706d00000, 0x0000000706d00000| Untracked 
|  98|0x0000000706e00000, 0x0000000706e00000, 0x0000000706f00000|  0%| F|  |TAMS 0x0000000706e00000, 0x0000000706e00000| Untracked 
|  99|0x0000000706f00000, 0x0000000706f00000, 0x0000000707000000|  0%| F|  |TAMS 0x0000000706f00000, 0x0000000706f00000| Untracked 
| 100|0x0000000707000000, 0x0000000707000000, 0x0000000707100000|  0%| F|  |TAMS 0x0000000707000000, 0x0000000707000000| Untracked 
| 101|0x0000000707100000, 0x0000000707100000, 0x0000000707200000|  0%| F|  |TAMS 0x0000000707100000, 0x0000000707100000| Untracked 
| 102|0x0000000707200000, 0x0000000707200000, 0x0000000707300000|  0%| F|  |TAMS 0x0000000707200000, 0x0000000707200000| Untracked 
| 103|0x0000000707300000, 0x0000000707300000, 0x0000000707400000|  0%| F|  |TAMS 0x0000000707300000, 0x0000000707300000| Untracked 
| 104|0x0000000707400000, 0x0000000707400000, 0x0000000707500000|  0%| F|  |TAMS 0x0000000707400000, 0x0000000707400000| Untracked 
| 105|0x0000000707500000, 0x0000000707500000, 0x0000000707600000|  0%| F|  |TAMS 0x0000000707500000, 0x0000000707500000| Untracked 
| 106|0x0000000707600000, 0x0000000707600000, 0x0000000707700000|  0%| F|  |TAMS 0x0000000707600000, 0x0000000707600000| Untracked 
| 107|0x0000000707700000, 0x0000000707700000, 0x0000000707800000|  0%| F|  |TAMS 0x0000000707700000, 0x0000000707700000| Untracked 
| 108|0x0000000707800000, 0x0000000707800000, 0x0000000707900000|  0%| F|  |TAMS 0x0000000707800000, 0x0000000707800000| Untracked 
| 109|0x0000000707900000, 0x0000000707900000, 0x0000000707a00000|  0%| F|  |TAMS 0x0000000707900000, 0x0000000707900000| Untracked 
| 110|0x0000000707a00000, 0x0000000707a00000, 0x0000000707b00000|  0%| F|  |TAMS 0x0000000707a00000, 0x0000000707a00000| Untracked 
| 111|0x0000000707b00000, 0x0000000707b00000, 0x0000000707c00000|  0%| F|  |TAMS 0x0000000707b00000, 0x0000000707b00000| Untracked 
| 112|0x0000000707c00000, 0x0000000707c00000, 0x0000000707d00000|  0%| F|  |TAMS 0x0000000707c00000, 0x0000000707c00000| Untracked 
| 113|0x0000000707d00000, 0x0000000707d00000, 0x0000000707e00000|  0%| F|  |TAMS 0x0000000707d00000, 0x0000000707d00000| Untracked 
| 114|0x0000000707e00000, 0x0000000707e00000, 0x0000000707f00000|  0%| F|  |TAMS 0x0000000707e00000, 0x0000000707e00000| Untracked 
| 115|0x0000000707f00000, 0x0000000707f00000, 0x0000000708000000|  0%| F|  |TAMS 0x0000000707f00000, 0x0000000707f00000| Untracked 
| 116|0x0000000708000000, 0x0000000708000000, 0x0000000708100000|  0%| F|  |TAMS 0x0000000708000000, 0x0000000708000000| Untracked 
| 117|0x0000000708100000, 0x0000000708100000, 0x0000000708200000|  0%| F|  |TAMS 0x0000000708100000, 0x0000000708100000| Untracked 
| 118|0x0000000708200000, 0x0000000708200000, 0x0000000708300000|  0%| F|  |TAMS 0x0000000708200000, 0x0000000708200000| Untracked 
| 119|0x0000000708300000, 0x0000000708300000, 0x0000000708400000|  0%| F|  |TAMS 0x0000000708300000, 0x0000000708300000| Untracked 
| 120|0x0000000708400000, 0x0000000708400000, 0x0000000708500000|  0%| F|  |TAMS 0x0000000708400000, 0x0000000708400000| Untracked 
| 121|0x0000000708500000, 0x0000000708500000, 0x0000000708600000|  0%| F|  |TAMS 0x0000000708500000, 0x0000000708500000| Untracked 
| 122|0x0000000708600000, 0x0000000708600000, 0x0000000708700000|  0%| F|  |TAMS 0x0000000708600000, 0x0000000708600000| Untracked 
| 123|0x0000000708700000, 0x0000000708700000, 0x0000000708800000|  0%| F|  |TAMS 0x0000000708700000, 0x0000000708700000| Untracked 
| 124|0x0000000708800000, 0x0000000708800000, 0x0000000708900000|  0%| F|  |TAMS 0x0000000708800000, 0x0000000708800000| Untracked 
| 125|0x0000000708900000, 0x0000000708900000, 0x0000000708a00000|  0%| F|  |TAMS 0x0000000708900000, 0x0000000708900000| Untracked 
| 126|0x0000000708a00000, 0x0000000708a00000, 0x0000000708b00000|  0%| F|  |TAMS 0x0000000708a00000, 0x0000000708a00000| Untracked 
| 127|0x0000000708b00000, 0x0000000708b00000, 0x0000000708c00000|  0%| F|  |TAMS 0x0000000708b00000, 0x0000000708b00000| Untracked 
| 128|0x0000000708c00000, 0x0000000708c00000, 0x0000000708d00000|  0%| F|  |TAMS 0x0000000708c00000, 0x0000000708c00000| Untracked 
| 129|0x0000000708d00000, 0x0000000708d00000, 0x0000000708e00000|  0%| F|  |TAMS 0x0000000708d00000, 0x0000000708d00000| Untracked 
| 130|0x0000000708e00000, 0x0000000708e00000, 0x0000000708f00000|  0%| F|  |TAMS 0x0000000708e00000, 0x0000000708e00000| Untracked 
| 131|0x0000000708f00000, 0x0000000708f00000, 0x0000000709000000|  0%| F|  |TAMS 0x0000000708f00000, 0x0000000708f00000| Untracked 
| 132|0x0000000709000000, 0x0000000709000000, 0x0000000709100000|  0%| F|  |TAMS 0x0000000709000000, 0x0000000709000000| Untracked 
| 133|0x0000000709100000, 0x0000000709100000, 0x0000000709200000|  0%| F|  |TAMS 0x0000000709100000, 0x0000000709100000| Untracked 
| 134|0x0000000709200000, 0x0000000709200000, 0x0000000709300000|  0%| F|  |TAMS 0x0000000709200000, 0x0000000709200000| Untracked 
| 135|0x0000000709300000, 0x0000000709300000, 0x0000000709400000|  0%| F|  |TAMS 0x0000000709300000, 0x0000000709300000| Untracked 
| 136|0x0000000709400000, 0x0000000709400000, 0x0000000709500000|  0%| F|  |TAMS 0x0000000709400000, 0x0000000709400000| Untracked 
| 137|0x0000000709500000, 0x0000000709500000, 0x0000000709600000|  0%| F|  |TAMS 0x0000000709500000, 0x0000000709500000| Untracked 
| 138|0x0000000709600000, 0x0000000709600000, 0x0000000709700000|  0%| F|  |TAMS 0x0000000709600000, 0x0000000709600000| Untracked 
| 139|0x0000000709700000, 0x0000000709700000, 0x0000000709800000|  0%| F|  |TAMS 0x0000000709700000, 0x0000000709700000| Untracked 
| 140|0x0000000709800000, 0x0000000709800000, 0x0000000709900000|  0%| F|  |TAMS 0x0000000709800000, 0x0000000709800000| Untracked 
| 141|0x0000000709900000, 0x0000000709900000, 0x0000000709a00000|  0%| F|  |TAMS 0x0000000709900000, 0x0000000709900000| Untracked 
| 142|0x0000000709a00000, 0x0000000709a00000, 0x0000000709b00000|  0%| F|  |TAMS 0x0000000709a00000, 0x0000000709a00000| Untracked 
| 143|0x0000000709b00000, 0x0000000709b00000, 0x0000000709c00000|  0%| F|  |TAMS 0x0000000709b00000, 0x0000000709b00000| Untracked 
| 144|0x0000000709c00000, 0x0000000709c00000, 0x0000000709d00000|  0%| F|  |TAMS 0x0000000709c00000, 0x0000000709c00000| Untracked 
| 145|0x0000000709d00000, 0x0000000709d00000, 0x0000000709e00000|  0%| F|  |TAMS 0x0000000709d00000, 0x0000000709d00000| Untracked 
| 146|0x0000000709e00000, 0x0000000709e00000, 0x0000000709f00000|  0%| F|  |TAMS 0x0000000709e00000, 0x0000000709e00000| Untracked 
| 147|0x0000000709f00000, 0x0000000709f00000, 0x000000070a000000|  0%| F|  |TAMS 0x0000000709f00000, 0x0000000709f00000| Untracked 
| 148|0x000000070a000000, 0x000000070a000000, 0x000000070a100000|  0%| F|  |TAMS 0x000000070a000000, 0x000000070a000000| Untracked 
| 149|0x000000070a100000, 0x000000070a100000, 0x000000070a200000|  0%| F|  |TAMS 0x000000070a100000, 0x000000070a100000| Untracked 
| 150|0x000000070a200000, 0x000000070a200000, 0x000000070a300000|  0%| F|  |TAMS 0x000000070a200000, 0x000000070a200000| Untracked 
| 151|0x000000070a300000, 0x000000070a300000, 0x000000070a400000|  0%| F|  |TAMS 0x000000070a300000, 0x000000070a300000| Untracked 
| 152|0x000000070a400000, 0x000000070a400000, 0x000000070a500000|  0%| F|  |TAMS 0x000000070a400000, 0x000000070a400000| Untracked 
| 153|0x000000070a500000, 0x000000070a500000, 0x000000070a600000|  0%| F|  |TAMS 0x000000070a500000, 0x000000070a500000| Untracked 
| 154|0x000000070a600000, 0x000000070a600000, 0x000000070a700000|  0%| F|  |TAMS 0x000000070a600000, 0x000000070a600000| Untracked 
| 155|0x000000070a700000, 0x000000070a700000, 0x000000070a800000|  0%| F|  |TAMS 0x000000070a700000, 0x000000070a700000| Untracked 
| 156|0x000000070a800000, 0x000000070a800000, 0x000000070a900000|  0%| F|  |TAMS 0x000000070a800000, 0x000000070a800000| Untracked 
| 157|0x000000070a900000, 0x000000070a900000, 0x000000070aa00000|  0%| F|  |TAMS 0x000000070a900000, 0x000000070a900000| Untracked 
| 158|0x000000070aa00000, 0x000000070aa00000, 0x000000070ab00000|  0%| F|  |TAMS 0x000000070aa00000, 0x000000070aa00000| Untracked 
| 159|0x000000070ab00000, 0x000000070ab00000, 0x000000070ac00000|  0%| F|  |TAMS 0x000000070ab00000, 0x000000070ab00000| Untracked 
| 160|0x000000070ac00000, 0x000000070ac00000, 0x000000070ad00000|  0%| F|  |TAMS 0x000000070ac00000, 0x000000070ac00000| Untracked 
| 161|0x000000070ad00000, 0x000000070ad00000, 0x000000070ae00000|  0%| F|  |TAMS 0x000000070ad00000, 0x000000070ad00000| Untracked 
| 162|0x000000070ae00000, 0x000000070ae00000, 0x000000070af00000|  0%| F|  |TAMS 0x000000070ae00000, 0x000000070ae00000| Untracked 
| 163|0x000000070af00000, 0x000000070af00000, 0x000000070b000000|  0%| F|  |TAMS 0x000000070af00000, 0x000000070af00000| Untracked 
| 164|0x000000070b000000, 0x000000070b000000, 0x000000070b100000|  0%| F|  |TAMS 0x000000070b000000, 0x000000070b000000| Untracked 
| 165|0x000000070b100000, 0x000000070b100000, 0x000000070b200000|  0%| F|  |TAMS 0x000000070b100000, 0x000000070b100000| Untracked 
| 166|0x000000070b200000, 0x000000070b200000, 0x000000070b300000|  0%| F|  |TAMS 0x000000070b200000, 0x000000070b200000| Untracked 
| 167|0x000000070b300000, 0x000000070b300000, 0x000000070b400000|  0%| F|  |TAMS 0x000000070b300000, 0x000000070b300000| Untracked 
| 168|0x000000070b400000, 0x000000070b400000, 0x000000070b500000|  0%| F|  |TAMS 0x000000070b400000, 0x000000070b400000| Untracked 
| 169|0x000000070b500000, 0x000000070b500000, 0x000000070b600000|  0%| F|  |TAMS 0x000000070b500000, 0x000000070b500000| Untracked 
| 170|0x000000070b600000, 0x000000070b600000, 0x000000070b700000|  0%| F|  |TAMS 0x000000070b600000, 0x000000070b600000| Untracked 
| 171|0x000000070b700000, 0x000000070b700000, 0x000000070b800000|  0%| F|  |TAMS 0x000000070b700000, 0x000000070b700000| Untracked 
| 172|0x000000070b800000, 0x000000070b800000, 0x000000070b900000|  0%| F|  |TAMS 0x000000070b800000, 0x000000070b800000| Untracked 
| 173|0x000000070b900000, 0x000000070b900000, 0x000000070ba00000|  0%| F|  |TAMS 0x000000070b900000, 0x000000070b900000| Untracked 
| 174|0x000000070ba00000, 0x000000070ba00000, 0x000000070bb00000|  0%| F|  |TAMS 0x000000070ba00000, 0x000000070ba00000| Untracked 
| 175|0x000000070bb00000, 0x000000070bb00000, 0x000000070bc00000|  0%| F|  |TAMS 0x000000070bb00000, 0x000000070bb00000| Untracked 
| 176|0x000000070bc00000, 0x000000070bc00000, 0x000000070bd00000|  0%| F|  |TAMS 0x000000070bc00000, 0x000000070bc00000| Untracked 
| 177|0x000000070bd00000, 0x000000070bd00000, 0x000000070be00000|  0%| F|  |TAMS 0x000000070bd00000, 0x000000070bd00000| Untracked 
| 178|0x000000070be00000, 0x000000070be00000, 0x000000070bf00000|  0%| F|  |TAMS 0x000000070be00000, 0x000000070be00000| Untracked 
| 179|0x000000070bf00000, 0x000000070bf00000, 0x000000070c000000|  0%| F|  |TAMS 0x000000070bf00000, 0x000000070bf00000| Untracked 
| 180|0x000000070c000000, 0x000000070c000000, 0x000000070c100000|  0%| F|  |TAMS 0x000000070c000000, 0x000000070c000000| Untracked 
| 181|0x000000070c100000, 0x000000070c100000, 0x000000070c200000|  0%| F|  |TAMS 0x000000070c100000, 0x000000070c100000| Untracked 
| 182|0x000000070c200000, 0x000000070c200000, 0x000000070c300000|  0%| F|  |TAMS 0x000000070c200000, 0x000000070c200000| Untracked 
| 183|0x000000070c300000, 0x000000070c300000, 0x000000070c400000|  0%| F|  |TAMS 0x000000070c300000, 0x000000070c300000| Untracked 
| 184|0x000000070c400000, 0x000000070c400000, 0x000000070c500000|  0%| F|  |TAMS 0x000000070c400000, 0x000000070c400000| Untracked 
| 185|0x000000070c500000, 0x000000070c500000, 0x000000070c600000|  0%| F|  |TAMS 0x000000070c500000, 0x000000070c500000| Untracked 
| 186|0x000000070c600000, 0x000000070c600000, 0x000000070c700000|  0%| F|  |TAMS 0x000000070c600000, 0x000000070c600000| Untracked 
| 187|0x000000070c700000, 0x000000070c700000, 0x000000070c800000|  0%| F|  |TAMS 0x000000070c700000, 0x000000070c700000| Untracked 
| 188|0x000000070c800000, 0x000000070c800000, 0x000000070c900000|  0%| F|  |TAMS 0x000000070c800000, 0x000000070c800000| Untracked 
| 189|0x000000070c900000, 0x000000070ca00000, 0x000000070ca00000|100%| S|CS|TAMS 0x000000070c900000, 0x000000070c900000| Complete 
| 190|0x000000070ca00000, 0x000000070cb00000, 0x000000070cb00000|100%| S|CS|TAMS 0x000000070ca00000, 0x000000070ca00000| Complete 
| 191|0x000000070cb00000, 0x000000070cc00000, 0x000000070cc00000|100%| S|CS|TAMS 0x000000070cb00000, 0x000000070cb00000| Complete 
| 192|0x000000070cc00000, 0x000000070cd00000, 0x000000070cd00000|100%| S|CS|TAMS 0x000000070cc00000, 0x000000070cc00000| Complete 
| 193|0x000000070cd00000, 0x000000070ce00000, 0x000000070ce00000|100%| S|CS|TAMS 0x000000070cd00000, 0x000000070cd00000| Complete 
| 194|0x000000070ce00000, 0x000000070cf00000, 0x000000070cf00000|100%| S|CS|TAMS 0x000000070ce00000, 0x000000070ce00000| Complete 
| 195|0x000000070cf00000, 0x000000070d000000, 0x000000070d000000|100%| S|CS|TAMS 0x000000070cf00000, 0x000000070cf00000| Complete 
| 196|0x000000070d000000, 0x000000070d100000, 0x000000070d100000|100%| S|CS|TAMS 0x000000070d000000, 0x000000070d000000| Complete 
| 197|0x000000070d100000, 0x000000070d100000, 0x000000070d200000|  0%| F|  |TAMS 0x000000070d100000, 0x000000070d100000| Untracked 
| 198|0x000000070d200000, 0x000000070d200000, 0x000000070d300000|  0%| F|  |TAMS 0x000000070d200000, 0x000000070d200000| Untracked 
| 199|0x000000070d300000, 0x000000070d300000, 0x000000070d400000|  0%| F|  |TAMS 0x000000070d300000, 0x000000070d300000| Untracked 
| 200|0x000000070d400000, 0x000000070d400000, 0x000000070d500000|  0%| F|  |TAMS 0x000000070d400000, 0x000000070d400000| Untracked 
| 201|0x000000070d500000, 0x000000070d500000, 0x000000070d600000|  0%| F|  |TAMS 0x000000070d500000, 0x000000070d500000| Untracked 
| 202|0x000000070d600000, 0x000000070d600000, 0x000000070d700000|  0%| F|  |TAMS 0x000000070d600000, 0x000000070d600000| Untracked 
| 203|0x000000070d700000, 0x000000070d700000, 0x000000070d800000|  0%| F|  |TAMS 0x000000070d700000, 0x000000070d700000| Untracked 
| 204|0x000000070d800000, 0x000000070d800000, 0x000000070d900000|  0%| F|  |TAMS 0x000000070d800000, 0x000000070d800000| Untracked 
| 205|0x000000070d900000, 0x000000070d900000, 0x000000070da00000|  0%| F|  |TAMS 0x000000070d900000, 0x000000070d900000| Untracked 
| 206|0x000000070da00000, 0x000000070da00000, 0x000000070db00000|  0%| F|  |TAMS 0x000000070da00000, 0x000000070da00000| Untracked 
| 207|0x000000070db00000, 0x000000070db00000, 0x000000070dc00000|  0%| F|  |TAMS 0x000000070db00000, 0x000000070db00000| Untracked 
| 208|0x000000070dc00000, 0x000000070dc00000, 0x000000070dd00000|  0%| F|  |TAMS 0x000000070dc00000, 0x000000070dc00000| Untracked 
| 209|0x000000070dd00000, 0x000000070dd00000, 0x000000070de00000|  0%| F|  |TAMS 0x000000070dd00000, 0x000000070dd00000| Untracked 
| 210|0x000000070de00000, 0x000000070de00000, 0x000000070df00000|  0%| F|  |TAMS 0x000000070de00000, 0x000000070de00000| Untracked 
| 211|0x000000070df00000, 0x000000070df00000, 0x000000070e000000|  0%| F|  |TAMS 0x000000070df00000, 0x000000070df00000| Untracked 
| 212|0x000000070e000000, 0x000000070e000000, 0x000000070e100000|  0%| F|  |TAMS 0x000000070e000000, 0x000000070e000000| Untracked 
| 213|0x000000070e100000, 0x000000070e100000, 0x000000070e200000|  0%| F|  |TAMS 0x000000070e100000, 0x000000070e100000| Untracked 
| 214|0x000000070e200000, 0x000000070e200000, 0x000000070e300000|  0%| F|  |TAMS 0x000000070e200000, 0x000000070e200000| Untracked 
| 215|0x000000070e300000, 0x000000070e300000, 0x000000070e400000|  0%| F|  |TAMS 0x000000070e300000, 0x000000070e300000| Untracked 
| 216|0x000000070e400000, 0x000000070e400000, 0x000000070e500000|  0%| F|  |TAMS 0x000000070e400000, 0x000000070e400000| Untracked 
| 217|0x000000070e500000, 0x000000070e500000, 0x000000070e600000|  0%| F|  |TAMS 0x000000070e500000, 0x000000070e500000| Untracked 
| 218|0x000000070e600000, 0x000000070e600000, 0x000000070e700000|  0%| F|  |TAMS 0x000000070e600000, 0x000000070e600000| Untracked 
| 219|0x000000070e700000, 0x000000070e700000, 0x000000070e800000|  0%| F|  |TAMS 0x000000070e700000, 0x000000070e700000| Untracked 
| 220|0x000000070e800000, 0x000000070e800000, 0x000000070e900000|  0%| F|  |TAMS 0x000000070e800000, 0x000000070e800000| Untracked 
| 221|0x000000070e900000, 0x000000070e900000, 0x000000070ea00000|  0%| F|  |TAMS 0x000000070e900000, 0x000000070e900000| Untracked 
| 222|0x000000070ea00000, 0x000000070ea00000, 0x000000070eb00000|  0%| F|  |TAMS 0x000000070ea00000, 0x000000070ea00000| Untracked 
| 223|0x000000070eb00000, 0x000000070eb00000, 0x000000070ec00000|  0%| F|  |TAMS 0x000000070eb00000, 0x000000070eb00000| Untracked 
| 224|0x000000070ec00000, 0x000000070ec00000, 0x000000070ed00000|  0%| F|  |TAMS 0x000000070ec00000, 0x000000070ec00000| Untracked 
| 225|0x000000070ed00000, 0x000000070ed00000, 0x000000070ee00000|  0%| F|  |TAMS 0x000000070ed00000, 0x000000070ed00000| Untracked 
| 226|0x000000070ee00000, 0x000000070ee00000, 0x000000070ef00000|  0%| F|  |TAMS 0x000000070ee00000, 0x000000070ee00000| Untracked 
| 227|0x000000070ef00000, 0x000000070ef00000, 0x000000070f000000|  0%| F|  |TAMS 0x000000070ef00000, 0x000000070ef00000| Untracked 
| 228|0x000000070f000000, 0x000000070f000000, 0x000000070f100000|  0%| F|  |TAMS 0x000000070f000000, 0x000000070f000000| Untracked 
| 229|0x000000070f100000, 0x000000070f100000, 0x000000070f200000|  0%| F|  |TAMS 0x000000070f100000, 0x000000070f100000| Untracked 
| 230|0x000000070f200000, 0x000000070f200000, 0x000000070f300000|  0%| F|  |TAMS 0x000000070f200000, 0x000000070f200000| Untracked 
| 231|0x000000070f300000, 0x000000070f300000, 0x000000070f400000|  0%| F|  |TAMS 0x000000070f300000, 0x000000070f300000| Untracked 
| 232|0x000000070f400000, 0x000000070f400000, 0x000000070f500000|  0%| F|  |TAMS 0x000000070f400000, 0x000000070f400000| Untracked 
| 233|0x000000070f500000, 0x000000070f500000, 0x000000070f600000|  0%| F|  |TAMS 0x000000070f500000, 0x000000070f500000| Untracked 
| 234|0x000000070f600000, 0x000000070f600000, 0x000000070f700000|  0%| F|  |TAMS 0x000000070f600000, 0x000000070f600000| Untracked 
| 235|0x000000070f700000, 0x000000070f700000, 0x000000070f800000|  0%| F|  |TAMS 0x000000070f700000, 0x000000070f700000| Untracked 
| 236|0x000000070f800000, 0x000000070f800000, 0x000000070f900000|  0%| F|  |TAMS 0x000000070f800000, 0x000000070f800000| Untracked 
| 237|0x000000070f900000, 0x000000070f900000, 0x000000070fa00000|  0%| F|  |TAMS 0x000000070f900000, 0x000000070f900000| Untracked 
| 238|0x000000070fa00000, 0x000000070fa00000, 0x000000070fb00000|  0%| F|  |TAMS 0x000000070fa00000, 0x000000070fa00000| Untracked 
| 239|0x000000070fb00000, 0x000000070fb00000, 0x000000070fc00000|  0%| F|  |TAMS 0x000000070fb00000, 0x000000070fb00000| Untracked 
| 240|0x000000070fc00000, 0x000000070fc00000, 0x000000070fd00000|  0%| F|  |TAMS 0x000000070fc00000, 0x000000070fc00000| Untracked 
| 241|0x000000070fd00000, 0x000000070fd00000, 0x000000070fe00000|  0%| F|  |TAMS 0x000000070fd00000, 0x000000070fd00000| Untracked 
| 242|0x000000070fe00000, 0x000000070fe00000, 0x000000070ff00000|  0%| F|  |TAMS 0x000000070fe00000, 0x000000070fe00000| Untracked 
| 243|0x000000070ff00000, 0x000000070ff00000, 0x0000000710000000|  0%| F|  |TAMS 0x000000070ff00000, 0x000000070ff00000| Untracked 
| 244|0x0000000710000000, 0x0000000710000000, 0x0000000710100000|  0%| F|  |TAMS 0x0000000710000000, 0x0000000710000000| Untracked 
| 245|0x0000000710100000, 0x0000000710100000, 0x0000000710200000|  0%| F|  |TAMS 0x0000000710100000, 0x0000000710100000| Untracked 
| 246|0x0000000710200000, 0x0000000710300000, 0x0000000710300000|100%| E|  |TAMS 0x0000000710200000, 0x0000000710200000| Complete 
| 247|0x0000000710300000, 0x0000000710400000, 0x0000000710400000|100%| E|CS|TAMS 0x0000000710300000, 0x0000000710300000| Complete 
| 248|0x0000000710400000, 0x0000000710500000, 0x0000000710500000|100%| E|CS|TAMS 0x0000000710400000, 0x0000000710400000| Complete 
| 249|0x0000000710500000, 0x0000000710600000, 0x0000000710600000|100%| E|CS|TAMS 0x0000000710500000, 0x0000000710500000| Complete 
| 250|0x0000000710600000, 0x0000000710700000, 0x0000000710700000|100%| E|CS|TAMS 0x0000000710600000, 0x0000000710600000| Complete 
| 251|0x0000000710700000, 0x0000000710800000, 0x0000000710800000|100%| E|CS|TAMS 0x0000000710700000, 0x0000000710700000| Complete 
| 252|0x0000000710800000, 0x0000000710900000, 0x0000000710900000|100%| E|CS|TAMS 0x0000000710800000, 0x0000000710800000| Complete 
| 253|0x0000000710900000, 0x0000000710a00000, 0x0000000710a00000|100%| E|CS|TAMS 0x0000000710900000, 0x0000000710900000| Complete 
| 254|0x0000000710a00000, 0x0000000710b00000, 0x0000000710b00000|100%| E|CS|TAMS 0x0000000710a00000, 0x0000000710a00000| Complete 
| 255|0x0000000710b00000, 0x0000000710c00000, 0x0000000710c00000|100%| E|CS|TAMS 0x0000000710b00000, 0x0000000710b00000| Complete 

Card table byte_map: [0x00000298e3cc0000,0x00000298e44c0000] _byte_map_base: 0x00000298e04ba000

Marking Bits (Prev, Next): (CMBitMap*) 0x00000298cb73a030, (CMBitMap*) 0x00000298cb739ff8
 Prev Bits: [0x00000298e8c90000, 0x00000298ecc60000)
 Next Bits: [0x00000298e4cc0000, 0x00000298e8c90000)

Polling page: 0x00000298cb7c0000

Metaspace:

Usage:
  Non-class:     28.88 MB capacity,    27.86 MB ( 96%) used,   823.09 KB (  3%) free+waste,   221.75 KB ( <1%) overhead. 
      Class:      5.13 MB capacity,     4.32 MB ( 84%) used,   714.57 KB ( 14%) free+waste,   113.50 KB (  2%) overhead. 
       Both:     34.00 MB capacity,    32.17 MB ( 95%) used,     1.50 MB (  4%) free+waste,   335.25 KB ( <1%) overhead. 

Virtual space:
  Non-class space:       30.00 MB reserved,      28.92 MB ( 96%) committed 
      Class space:        1.00 GB reserved,       5.25 MB ( <1%) committed 
             Both:        1.03 GB reserved,      34.17 MB (  3%) committed 

Chunk freelists:
   Non-Class:  5.75 KB
       Class:  0 bytes
        Both:  5.75 KB

CodeHeap 'non-profiled nmethods': size=120000Kb used=2066Kb max_used=2066Kb free=117934Kb
 bounds [0x00000298db520000, 0x00000298db790000, 0x00000298e2a50000]
CodeHeap 'profiled nmethods': size=120000Kb used=8931Kb max_used=8931Kb free=111068Kb
 bounds [0x00000298d3ff0000, 0x00000298d48b0000, 0x00000298db520000]
CodeHeap 'non-nmethods': size=5760Kb used=1435Kb max_used=1478Kb free=4324Kb
 bounds [0x00000298d3a50000, 0x00000298d3cc0000, 0x00000298d3ff0000]
 total_blobs=6115 nmethods=4363 adapters=802
 compilation: enabled
              stopped_count=0, restarted_count=0
 full_count=0

Compilation events (10 events):
Event: 17.504 Thread 0x00000298f00ed000 4363       3       java.io.BufferedOutputStream::flushBuffer (29 bytes)
Event: 17.504 Thread 0x00000298f00ed000 nmethod 4363 0x00000298d48a7310 code [0x00000298d48a74e0, 0x00000298d48a7770]
Event: 17.504 Thread 0x00000298f00ed000 4364  s    3       java.io.BufferedOutputStream::flush (12 bytes)
Event: 17.505 Thread 0x00000298f00ed000 nmethod 4364 0x00000298d48a7810 code [0x00000298d48a7a00, 0x00000298d48a7f60]
Event: 17.505 Thread 0x00000298f00ed000 4365       3       java.nio.charset.CoderResult::isOverflow (14 bytes)
Event: 17.505 Thread 0x00000298f00ed000 nmethod 4365 0x00000298d48a8090 code [0x00000298d48a8240, 0x00000298d48a83f8]
Event: 17.506 Thread 0x00000298f00ed000 4366       3       java.nio.CharBuffer::<init> (22 bytes)
Event: 17.506 Thread 0x00000298f00ed000 nmethod 4366 0x00000298d48a8490 code [0x00000298d48a8660, 0x00000298d48a8870]
Event: 17.506 Thread 0x00000298f00ed000 4367       3       java.nio.CharBuffer::limit (6 bytes)
Event: 17.506 Thread 0x00000298f00ed000 nmethod 4367 0x00000298d48a8910 code [0x00000298d48a8ae0, 0x00000298d48a8cf0]

GC Heap History (6 events):
Event: 2.125 GC heap before
{Heap before GC invocations=0 (full 0):
 garbage-first heap   total 262144K, used 23552K [0x0000000700c00000, 0x0000000800000000)
  region size 1024K, 24 young (24576K), 0 survivors (0K)
 Metaspace       used 12910K, capacity 13302K, committed 13568K, reserved 1060864K
  class space    used 1335K, capacity 1487K, committed 1536K, reserved 1048576K
}
Event: 2.145 GC heap after
{Heap after GC invocations=1 (full 0):
 garbage-first heap   total 262144K, used 3310K [0x0000000700c00000, 0x0000000800000000)
  region size 1024K, 3 young (3072K), 3 survivors (3072K)
 Metaspace       used 12910K, capacity 13302K, committed 13568K, reserved 1060864K
  class space    used 1335K, capacity 1487K, committed 1536K, reserved 1048576K
}
Event: 2.781 GC heap before
{Heap before GC invocations=1 (full 0):
 garbage-first heap   total 262144K, used 25838K [0x0000000700c00000, 0x0000000800000000)
  region size 1024K, 26 young (26624K), 3 survivors (3072K)
 Metaspace       used 20528K, capacity 21211K, committed 21296K, reserved 1069056K
  class space    used 2331K, capacity 2651K, committed 2688K, reserved 1048576K
}
Event: 2.793 GC heap after
{Heap after GC invocations=2 (full 0):
 garbage-first heap   total 262144K, used 7021K [0x0000000700c00000, 0x0000000800000000)
  region size 1024K, 7 young (7168K), 7 survivors (7168K)
 Metaspace       used 20528K, capacity 21211K, committed 21296K, reserved 1069056K
  class space    used 2331K, capacity 2651K, committed 2688K, reserved 1048576K
}
Event: 11.968 GC heap before
{Heap before GC invocations=3 (full 0):
 garbage-first heap   total 262144K, used 62317K [0x0000000700c00000, 0x0000000800000000)
  region size 1024K, 59 young (60416K), 7 survivors (7168K)
 Metaspace       used 31625K, capacity 33257K, committed 33328K, reserved 1077248K
  class space    used 4195K, capacity 4945K, committed 4992K, reserved 1048576K
}
Event: 11.985 GC heap after
{Heap after GC invocations=4 (full 0):
 garbage-first heap   total 262144K, used 14883K [0x0000000700c00000, 0x0000000800000000)
  region size 1024K, 8 young (8192K), 8 survivors (8192K)
 Metaspace       used 31625K, capacity 33257K, committed 33328K, reserved 1077248K
  class space    used 4195K, capacity 4945K, committed 4992K, reserved 1048576K
}

Deoptimization events (10 events):
Event: 12.134 Thread 0x00000298f0e21000 Uncommon trap: reason=array_check action=maybe_recompile pc=0x00000298db6fb1b0 method=javafx.css.CompoundSelector.applies(Ljavafx/css/Styleable;[Ljava/util/Set;I)Z @ 128 c2
Event: 12.134 Thread 0x00000298f0e21000 Uncommon trap: reason=array_check action=maybe_recompile pc=0x00000298db6fb1b0 method=javafx.css.CompoundSelector.applies(Ljavafx/css/Styleable;[Ljava/util/Set;I)Z @ 128 c2
Event: 12.134 Thread 0x00000298f0e21000 Uncommon trap: reason=array_check action=maybe_recompile pc=0x00000298db6fb1b0 method=javafx.css.CompoundSelector.applies(Ljavafx/css/Styleable;[Ljava/util/Set;I)Z @ 128 c2
Event: 12.135 Thread 0x00000298f0e21000 Uncommon trap: reason=array_check action=maybe_recompile pc=0x00000298db6fb1b0 method=javafx.css.CompoundSelector.applies(Ljavafx/css/Styleable;[Ljava/util/Set;I)Z @ 128 c2
Event: 12.507 Thread 0x00000298f0e21000 Uncommon trap: reason=unstable_if action=reinterpret pc=0x00000298db6df6b4 method=javafx.scene.Node.pickNode(Lcom/sun/javafx/geom/PickRay;Lcom/sun/javafx/scene/input/PickResultChooser;)V @ 11 c2
Event: 12.508 Thread 0x00000298f0e21000 Uncommon trap: reason=unstable_if action=reinterpret pc=0x00000298db6cdfac method=javafx.scene.Node.pickNode(Lcom/sun/javafx/geom/PickRay;Lcom/sun/javafx/scene/input/PickResultChooser;)V @ 11 c2
Event: 16.779 Thread 0x00000298f0e21000 Uncommon trap: reason=profile_predicate action=maybe_recompile pc=0x00000298db70e428 method=javafx.scene.CssStyleHelper.transitionToState(Ljavafx/scene/Node;)V @ 286 c2
Event: 16.795 Thread 0x00000298f0e21000 Uncommon trap: reason=profile_predicate action=maybe_recompile pc=0x00000298db70e428 method=javafx.scene.CssStyleHelper.transitionToState(Ljavafx/scene/Node;)V @ 286 c2
Event: 17.083 Thread 0x00000298f0e21000 Uncommon trap: reason=profile_predicate action=maybe_recompile pc=0x00000298db70e428 method=javafx.scene.CssStyleHelper.transitionToState(Ljavafx/scene/Node;)V @ 286 c2
Event: 17.115 Thread 0x00000298f0e21000 Uncommon trap: reason=profile_predicate action=maybe_recompile pc=0x00000298db70e428 method=javafx.scene.CssStyleHelper.transitionToState(Ljavafx/scene/Node;)V @ 286 c2

Classes redefined (0 events):
No events

Internal exceptions (10 events):
Event: 4.854 Thread 0x00000298f0e21000 Exception <a 'java/lang/NoSuchMethodError'{0x000000070e8b8688}: java.lang.invoke.DelegatingMethodHandle$Holder.reinvoke_L(Ljava/lang/Object;Ljava/lang/Object;IIILjava/lang/Object;Ljava/lang/Object;III)Ljava/lang/Object;> (0x000000070e8b8688) thrown at [t:
Event: 4.858 Thread 0x00000298f0e21000 Exception <a 'java/lang/NoSuchMethodError'{0x000000070e7144c8}: java.lang.invoke.DirectMethodHandle$Holder.invokeSpecial(Ljava/lang/Object;Ljava/lang/Object;IIILjava/lang/Object;Ljava/lang/Object;III)Ljava/lang/Object;> (0x000000070e7144c8) thrown at [t:/
Event: 4.859 Thread 0x00000298f0e21000 Exception <a 'java/lang/NoSuchMethodError'{0x000000070e717b78}: java.lang.invoke.DelegatingMethodHandle$Holder.reinvoke_L(Ljava/lang/Object;IIILjava/lang/Object;Ljava/lang/Object;III)Ljava/lang/Object;> (0x000000070e717b78) thrown at [t:/workspace/open/sr
Event: 4.875 Thread 0x00000298f0e21000 Exception <a 'java/net/SocketTimeoutException'{0x000000070e73c2b8}: Read timed out> (0x000000070e73c2b8) thrown at [t:/workspace/open/src/hotspot/share/prims/jni.cpp, line 636]
Event: 9.030 Thread 0x00000298f0868800 Exception <a 'java/lang/NoSuchMethodError'{0x000000070f759918}: java.lang.invoke.DirectMethodHandle$Holder.invokeStaticInit(Ljava/lang/Object;I)Ljava/lang/Object;> (0x000000070f759918) thrown at [t:/workspace/open/src/hotspot/share/interpreter/linkResolve
Event: 11.329 Thread 0x00000298f0e21000 Exception <a 'java/lang/NoSuchMethodError'{0x000000070d40a040}: java.lang.invoke.DirectMethodHandle$Holder.invokeVirtual(Ljava/lang/Object;Ljava/lang/Object;)I> (0x000000070d40a040) thrown at [t:/workspace/open/src/hotspot/share/interpreter/linkResolver.c
Event: 11.330 Thread 0x00000298f0e21000 Exception <a 'java/lang/NoSuchMethodError'{0x000000070d40fd80}: java.lang.invoke.DirectMethodHandle$Holder.invokeVirtual(Ljava/lang/Object;Ljava/lang/Object;I)V> (0x000000070d40fd80) thrown at [t:/workspace/open/src/hotspot/share/interpreter/linkResolver.
Event: 12.114 Thread 0x00000298f0e21000 Exception <a 'java/lang/NoSuchMethodError'{0x000000071083c8b8}: java.lang.invoke.DirectMethodHandle$Holder.invokeSpecialIFC(Ljava/lang/Object;Ljava/lang/Object;Ljava/lang/Object;Ljava/lang/Object;)V> (0x000000071083c8b8) thrown at [t:/workspace/open/src/h
Event: 12.218 Thread 0x00000298f0e21000 Exception <a 'java/lang/NoSuchMethodError'{0x00000007104cf368}: java.lang.invoke.Invokers$Holder.linkToTargetMethod(Ljava/lang/Object;IILjava/lang/Object;)Ljava/lang/Object;> (0x00000007104cf368) thrown at [t:/workspace/open/src/hotspot/share/interpreter/
Event: 17.503 Thread 0x00000298f0e21000 Exception <a 'java/lang/IllegalArgumentException'{0x00000007103744f8}> (0x00000007103744f8) thrown at [t:/workspace/open/src/hotspot/share/prims/jvm.cpp, line 1311]

Events (10 events):
Event: 17.115 Thread 0x00000298f0e21000 DEOPT PACKING pc=0x00000298db70e428 sp=0x000000bc562f7760
Event: 17.115 Thread 0x00000298f0e21000 DEOPT UNPACKING pc=0x00000298d3a78c2f sp=0x000000bc562f76f8 mode 2
Event: 17.431 loading class javafx/application/Application
Event: 17.431 loading class javafx/application/Application done
Event: 17.431 loading class javafx/application/Application
Event: 17.431 loading class javafx/application/Application done
Event: 17.503 loading class java/lang/Throwable$WrappedPrintStream
Event: 17.503 loading class java/lang/Throwable$PrintStreamOrWriter
Event: 17.503 loading class java/lang/Throwable$PrintStreamOrWriter done
Event: 17.503 loading class java/lang/Throwable$WrappedPrintStream done


Dynamic libraries:
0x00007ff686d80000 - 0x00007ff686dc7000 	C:\Program Files\Java\jdk-11.0.4\bin\java.exe
0x00007ffb95170000 - 0x00007ffb95363000 	C:\WINDOWS\SYSTEM32\ntdll.dll
0x00007ffb936a0000 - 0x00007ffb9375c000 	C:\WINDOWS\System32\KERNEL32.DLL
0x00007ffb92980000 - 0x00007ffb92c31000 	C:\WINDOWS\System32\KERNELBASE.dll
0x00007ffb93400000 - 0x00007ffb934aa000 	C:\WINDOWS\System32\ADVAPI32.dll
0x00007ffb94810000 - 0x00007ffb948ae000 	C:\WINDOWS\System32\msvcrt.dll
0x00007ffb93f30000 - 0x00007ffb93fcb000 	C:\WINDOWS\System32\sechost.dll
0x00007ffb946f0000 - 0x00007ffb94810000 	C:\WINDOWS\System32\RPCRT4.dll
0x00007ffb94190000 - 0x00007ffb9432a000 	C:\WINDOWS\System32\USER32.dll
0x00007ffb92c40000 - 0x00007ffb92c62000 	C:\WINDOWS\System32\win32u.dll
0x00007ffb93790000 - 0x00007ffb937ba000 	C:\WINDOWS\System32\GDI32.dll
0x00007ffb93120000 - 0x00007ffb93227000 	C:\WINDOWS\System32\gdi32full.dll
0x00007ffb92ca0000 - 0x00007ffb92d39000 	C:\WINDOWS\System32\msvcp_win.dll
0x00007ffb92f20000 - 0x00007ffb9301f000 	C:\WINDOWS\System32\ucrtbase.dll
0x00007ffb82ff0000 - 0x00007ffb8328a000 	C:\WINDOWS\WinSxS\amd64_microsoft.windows.common-controls_6595b64144ccf1df_6.0.18922.1000_none_aa70b02dd203a3a1\COMCTL32.dll
0x00007ffb8b410000 - 0x00007ffb8b41a000 	C:\WINDOWS\SYSTEM32\VERSION.dll
0x00007ffb933c0000 - 0x00007ffb933f1000 	C:\WINDOWS\System32\IMM32.DLL
0x00007ffb86dc0000 - 0x00007ffb86dd6000 	C:\Program Files\Java\jdk-11.0.4\bin\vcruntime140.dll
0x00007ffb83990000 - 0x00007ffb83a3a000 	C:\Program Files\Java\jdk-11.0.4\bin\msvcp140.dll
0x00007ffb4de40000 - 0x00007ffb4e967000 	C:\Program Files\Java\jdk-11.0.4\bin\server\jvm.dll
0x00007ffb93780000 - 0x00007ffb93788000 	C:\WINDOWS\System32\PSAPI.DLL
0x00007ffb7d170000 - 0x00007ffb7d179000 	C:\WINDOWS\SYSTEM32\WSOCK32.dll
0x00007ffb94680000 - 0x00007ffb946eb000 	C:\WINDOWS\System32\WS2_32.dll
0x00007ffb895b0000 - 0x00007ffb895d7000 	C:\WINDOWS\SYSTEM32\WINMM.dll
0x00007ffb90ab0000 - 0x00007ffb90ac2000 	C:\WINDOWS\SYSTEM32\kernel.appcore.dll
0x00007ffb85cb0000 - 0x00007ffb85cc1000 	C:\Program Files\Java\jdk-11.0.4\bin\verify.dll
0x00007ffb843b0000 - 0x00007ffb8458f000 	C:\WINDOWS\SYSTEM32\DBGHELP.DLL
0x00007ffb92d40000 - 0x00007ffb92dbc000 	C:\WINDOWS\System32\bcryptPrimitives.dll
0x00007ffb81a50000 - 0x00007ffb81a7c000 	C:\WINDOWS\SYSTEM32\dbgcore.DLL
0x00007ffb85c80000 - 0x00007ffb85ca9000 	C:\Program Files\Java\jdk-11.0.4\bin\java.dll
0x00007ffb4db60000 - 0x00007ffb4db8f000 	C:\Program Files\Java\jdk-11.0.4\bin\instrument.dll
0x00007ffb85c40000 - 0x00007ffb85c56000 	C:\Program Files\Java\jdk-11.0.4\bin\zip.dll
0x00007ffb8ec50000 - 0x00007ffb8ec5a000 	C:\Program Files\Java\jdk-11.0.4\bin\jimage.dll
0x00007ffb948b0000 - 0x00007ffb94f7f000 	C:\WINDOWS\System32\SHELL32.dll
0x00007ffb90ca0000 - 0x00007ffb91410000 	C:\WINDOWS\SYSTEM32\windows.storage.dll
0x00007ffb94330000 - 0x00007ffb9467a000 	C:\WINDOWS\System32\combase.dll
0x00007ffb93290000 - 0x00007ffb9333e000 	C:\WINDOWS\System32\SHCORE.dll
0x00007ffb93da0000 - 0x00007ffb93df6000 	C:\WINDOWS\System32\shlwapi.dll
0x00007ffb92860000 - 0x00007ffb92880000 	C:\WINDOWS\SYSTEM32\profapi.dll
0x00007ffb85c00000 - 0x00007ffb85c19000 	C:\Program Files\Java\jdk-11.0.4\bin\net.dll
0x00007ffb8bac0000 - 0x00007ffb8bbbc000 	C:\WINDOWS\SYSTEM32\WINHTTP.dll
0x00007ffb8b140000 - 0x00007ffb8b32a000 	C:\WINDOWS\SYSTEM32\urlmon.dll
0x00007ffb879f0000 - 0x00007ffb87c9c000 	C:\WINDOWS\SYSTEM32\iertutil.dll
0x00007ffb92100000 - 0x00007ffb9216a000 	C:\WINDOWS\system32\mswsock.dll
0x00007ffb85b50000 - 0x00007ffb85b63000 	C:\Program Files\Java\jdk-11.0.4\bin\nio.dll
0x00007ffb4ed70000 - 0x00007ffb4ed8a000 	C:\Users\NarF\AppData\Local\JetBrains\Toolbox\apps\IDEA-U\ch-0\192.5728.98\bin\breakgen64.dll
0x00000298f1ef0000 - 0x00000298f1ef3000 	C:\Program Files\Java\jdk-11.0.4\bin\api-ms-win-core-console-l1-1-0.dll
0x00000298f1f00000 - 0x00000298f1f03000 	C:\Program Files\Java\jdk-11.0.4\bin\api-ms-win-core-datetime-l1-1-0.dll
0x00000298f1f10000 - 0x00000298f1f13000 	C:\Program Files\Java\jdk-11.0.4\bin\api-ms-win-core-debug-l1-1-0.dll
0x00000298f1f20000 - 0x00000298f1f23000 	C:\Program Files\Java\jdk-11.0.4\bin\api-ms-win-core-errorhandling-l1-1-0.dll
0x00000298f1f30000 - 0x00000298f1f34000 	C:\Program Files\Java\jdk-11.0.4\bin\api-ms-win-core-file-l1-1-0.dll
0x00000298f1f40000 - 0x00000298f1f43000 	C:\Program Files\Java\jdk-11.0.4\bin\api-ms-win-core-file-l1-2-0.dll
0x00000298f2190000 - 0x00000298f2193000 	C:\Program Files\Java\jdk-11.0.4\bin\api-ms-win-core-file-l2-1-0.dll
0x00000298f21a0000 - 0x00000298f21a3000 	C:\Program Files\Java\jdk-11.0.4\bin\api-ms-win-core-handle-l1-1-0.dll
0x00000298f1f50000 - 0x00000298f1f53000 	C:\Program Files\Java\jdk-11.0.4\bin\api-ms-win-core-heap-l1-1-0.dll
0x00000298f1f60000 - 0x00000298f1f63000 	C:\Program Files\Java\jdk-11.0.4\bin\api-ms-win-core-interlocked-l1-1-0.dll
0x00000298f1f70000 - 0x00000298f1f73000 	C:\Program Files\Java\jdk-11.0.4\bin\api-ms-win-core-libraryloader-l1-1-0.dll
0x00000298f1f80000 - 0x00000298f1f83000 	C:\Program Files\Java\jdk-11.0.4\bin\api-ms-win-core-localization-l1-2-0.dll
0x00000298f1f90000 - 0x00000298f1f93000 	C:\Program Files\Java\jdk-11.0.4\bin\api-ms-win-core-memory-l1-1-0.dll
0x00000298f1fa0000 - 0x00000298f1fa3000 	C:\Program Files\Java\jdk-11.0.4\bin\api-ms-win-core-namedpipe-l1-1-0.dll
0x00000298f1fb0000 - 0x00000298f1fb3000 	C:\Program Files\Java\jdk-11.0.4\bin\api-ms-win-core-processenvironment-l1-1-0.dll
0x00000298f1fc0000 - 0x00000298f1fc3000 	C:\Program Files\Java\jdk-11.0.4\bin\api-ms-win-core-processthreads-l1-1-0.dll
0x00000298f1fd0000 - 0x00000298f1fd3000 	C:\Program Files\Java\jdk-11.0.4\bin\api-ms-win-core-processthreads-l1-1-1.dll
0x00000298f1fe0000 - 0x00000298f1fe3000 	C:\Program Files\Java\jdk-11.0.4\bin\api-ms-win-core-profile-l1-1-0.dll
0x00000298f1ff0000 - 0x00000298f1ff3000 	C:\Program Files\Java\jdk-11.0.4\bin\api-ms-win-core-rtlsupport-l1-1-0.dll
0x00000298f2000000 - 0x00000298f2003000 	C:\Program Files\Java\jdk-11.0.4\bin\api-ms-win-core-string-l1-1-0.dll
0x00000298f2010000 - 0x00000298f2013000 	C:\Program Files\Java\jdk-11.0.4\bin\api-ms-win-core-synch-l1-1-0.dll
0x00000298f2020000 - 0x00000298f2023000 	C:\Program Files\Java\jdk-11.0.4\bin\api-ms-win-core-synch-l1-2-0.dll
0x00000298f2030000 - 0x00000298f2033000 	C:\Program Files\Java\jdk-11.0.4\bin\api-ms-win-core-sysinfo-l1-1-0.dll
0x00000298f2040000 - 0x00000298f2043000 	C:\Program Files\Java\jdk-11.0.4\bin\api-ms-win-core-timezone-l1-1-0.dll
0x00000298f2050000 - 0x00000298f2053000 	C:\Program Files\Java\jdk-11.0.4\bin\api-ms-win-core-util-l1-1-0.dll
0x00000298f2060000 - 0x00000298f2063000 	C:\Program Files\Java\jdk-11.0.4\bin\api-ms-win-crt-conio-l1-1-0.dll
0x00000298f2070000 - 0x00000298f2074000 	C:\Program Files\Java\jdk-11.0.4\bin\api-ms-win-crt-convert-l1-1-0.dll
0x00000298f2080000 - 0x00000298f2083000 	C:\Program Files\Java\jdk-11.0.4\bin\api-ms-win-crt-environment-l1-1-0.dll
0x00000298f2090000 - 0x00000298f2093000 	C:\Program Files\Java\jdk-11.0.4\bin\api-ms-win-crt-filesystem-l1-1-0.dll
0x00000298f20a0000 - 0x00000298f20a3000 	C:\Program Files\Java\jdk-11.0.4\bin\api-ms-win-crt-heap-l1-1-0.dll
0x00000298f20b0000 - 0x00000298f20b3000 	C:\Program Files\Java\jdk-11.0.4\bin\api-ms-win-crt-locale-l1-1-0.dll
0x00000298f20c0000 - 0x00000298f20c5000 	C:\Program Files\Java\jdk-11.0.4\bin\api-ms-win-crt-math-l1-1-0.dll
0x00000298f20d0000 - 0x00000298f20d5000 	C:\Program Files\Java\jdk-11.0.4\bin\api-ms-win-crt-multibyte-l1-1-0.dll
0x00000298f20e0000 - 0x00000298f20f0000 	C:\Program Files\Java\jdk-11.0.4\bin\api-ms-win-crt-private-l1-1-0.dll
0x00000298f20f0000 - 0x00000298f20f3000 	C:\Program Files\Java\jdk-11.0.4\bin\api-ms-win-crt-process-l1-1-0.dll
0x00000298f2100000 - 0x00000298f2104000 	C:\Program Files\Java\jdk-11.0.4\bin\api-ms-win-crt-runtime-l1-1-0.dll
0x00000298f2110000 - 0x00000298f2114000 	C:\Program Files\Java\jdk-11.0.4\bin\api-ms-win-crt-stdio-l1-1-0.dll
0x00000298f2120000 - 0x00000298f2124000 	C:\Program Files\Java\jdk-11.0.4\bin\api-ms-win-crt-string-l1-1-0.dll
0x00000298f2130000 - 0x00000298f2133000 	C:\Program Files\Java\jdk-11.0.4\bin\api-ms-win-crt-time-l1-1-0.dll
0x00000298f2140000 - 0x00000298f2143000 	C:\Program Files\Java\jdk-11.0.4\bin\api-ms-win-crt-utility-l1-1-0.dll
0x00007ffb34520000 - 0x00007ffb34616000 	C:\Program Files\Java\jdk-11.0.4\bin\ucrtbase.dll
0x00007ffb4db00000 - 0x00007ffb4db51000 	C:\Windows\System32\concrt140.dll
0x00007ffb42f40000 - 0x00007ffb42f63000 	C:\Users\NarF\AppData\Local\JetBrains\Toolbox\apps\IDEA-U\ch-0\192.5728.98\jbr\bin\prism_d3d.dll
0x00007ffb624f0000 - 0x00007ffb626bd000 	C:\WINDOWS\system32\d3d9.dll
0x00007ffb907f0000 - 0x00007ffb9081e000 	C:\WINDOWS\SYSTEM32\dwmapi.dll
0x00007ffb90600000 - 0x00007ffb9069e000 	C:\WINDOWS\system32\uxtheme.dll
0x00007ffb890a0000 - 0x00007ffb8927d000 	C:\WINDOWS\System32\DriverStore\FileRepository\c0344742.inf_amd64_ab21e6039f2700a8\B344746\aticfx64.dll
0x00007ffb50830000 - 0x00007ffb50860000 	C:\WINDOWS\System32\DriverStore\FileRepository\c0344742.inf_amd64_ab21e6039f2700a8\B344746\atiu9p64.dll
0x00007ffb4f820000 - 0x00007ffb504ee000 	C:\WINDOWS\System32\DriverStore\FileRepository\c0344742.inf_amd64_ab21e6039f2700a8\B344746\atiumd64.dll
0x00007ffb93c30000 - 0x00007ffb93d96000 	C:\WINDOWS\System32\ole32.dll
0x0000000063890000 - 0x0000000064624000 	C:\WINDOWS\System32\DriverStore\FileRepository\c0344742.inf_amd64_ab21e6039f2700a8\B344746\atiumd6a.dll
0x00007ffb91f30000 - 0x00007ffb91f7b000 	C:\WINDOWS\SYSTEM32\POWRPROF.dll
0x00007ffb91db0000 - 0x00007ffb91dc0000 	C:\WINDOWS\SYSTEM32\UMPDC.dll
0x00007ffb89350000 - 0x00007ffb8937b000 	C:\WINDOWS\SYSTEM32\amdihk64.dll
0x00007ffb42ef0000 - 0x00007ffb42f35000 	C:\Users\NarF\AppData\Local\JetBrains\Toolbox\apps\IDEA-U\ch-0\192.5728.98\jbr\bin\glass.dll
0x00007ffb935c0000 - 0x00007ffb93699000 	C:\WINDOWS\System32\COMDLG32.dll
0x00007ffb93e00000 - 0x00007ffb93ecc000 	C:\WINDOWS\System32\OLEAUT32.dll
0x00007ffb95020000 - 0x00007ffb9512e000 	C:\WINDOWS\System32\MSCTF.dll
0x00007ffb89320000 - 0x00007ffb8934d000 	C:\WINDOWS\SYSTEM32\dxcore.dll
0x00007ffb930d0000 - 0x00007ffb9311d000 	C:\WINDOWS\System32\cfgmgr32.dll
0x00007ffb43860000 - 0x00007ffb43874000 	C:\Users\NarF\AppData\Local\JetBrains\Toolbox\apps\IDEA-U\ch-0\192.5728.98\jbr\bin\javafx_font.dll
0x00007ffb74980000 - 0x00007ffb74bf9000 	C:\WINDOWS\SYSTEM32\dwrite.dll
0x00007ffb86550000 - 0x00007ffb865fc000 	C:\WINDOWS\SYSTEM32\TextShaping.dll
0x00007ffb934b0000 - 0x00007ffb93554000 	C:\WINDOWS\System32\clbcatq.dll
0x00007ffb8a6a0000 - 0x00007ffb8a853000 	C:\WINDOWS\SYSTEM32\WindowsCodecs.dll
0x00007ffb92c70000 - 0x00007ffb92c97000 	C:\WINDOWS\System32\bcrypt.dll
0x00007ffb743d0000 - 0x00007ffb7440d000 	C:\WINDOWS\system32\dataexchange.dll
0x00007ffb8a240000 - 0x00007ffb8a479000 	C:\WINDOWS\system32\twinapi.appcore.dll
0x00007ffb4f520000 - 0x00007ffb4f553000 	C:\Program Files\Common Files\Microsoft Shared\Ink\rtscom.dll
0x00007ffb7a330000 - 0x00007ffb7a412000 	C:\WINDOWS\SYSTEM32\textinputframework.dll
0x00007ffb8fbc0000 - 0x00007ffb8fcb0000 	C:\WINDOWS\System32\CoreMessaging.dll
0x00007ffb8cbb0000 - 0x00007ffb8ceff000 	C:\WINDOWS\System32\CoreUIComponents.dll
0x00007ffb91860000 - 0x00007ffb91893000 	C:\WINDOWS\SYSTEM32\ntmarta.dll
0x00007ffb8dd50000 - 0x00007ffb8dea5000 	C:\WINDOWS\SYSTEM32\wintypes.dll

dbghelp: loaded successfully - version: 4.0.5 - missing functions: none
symbol engine: initialized successfully - sym options: 0x614 - pdb path: .;C:\Program Files\Java\jdk-11.0.4\bin;C:\WINDOWS\SYSTEM32;C:\WINDOWS\WinSxS\amd64_microsoft.windows.common-controls_6595b64144ccf1df_6.0.18922.1000_none_aa70b02dd203a3a1;C:\Program Files\Java\jdk-11.0.4\bin\server;C:\Users\NarF\AppData\Local\JetBrains\Toolbox\apps\IDEA-U\ch-0\192.5728.98\bin;C:\Users\NarF\AppData\Local\JetBrains\Toolbox\apps\IDEA-U\ch-0\192.5728.98\jbr\bin;C:\WINDOWS\System32\DriverStore\FileRepository\c0344742.inf_amd64_ab21e6039f2700a8\B344746;C:\Program Files\Common Files\Microsoft Shared\Ink

VM Arguments:
jvm_args: -javaagent:C:\Users\NarF\AppData\Local\JetBrains\Toolbox\apps\IDEA-U\ch-0\192.5728.98\lib\idea_rt.jar=53849:C:\Users\NarF\AppData\Local\JetBrains\Toolbox\apps\IDEA-U\ch-0\192.5728.98\bin -Dfile.encoding=UTF-8 --module-path=D:\NarF\Documents\IdeaProjects\tiendaclub\target\classes;C:\Users\NarF\.m2\repository\org\mariadb\jdbc\mariadb-java-client\2.4.2\mariadb-java-client-2.4.2.jar;C:\Users\NarF\.m2\repository\org\openjfx\javafx-controls\11.0.2\javafx-controls-11.0.2.jar;C:\Users\NarF\.m2\repository\org\openjfx\javafx-controls\11.0.2\javafx-controls-11.0.2-win.jar;C:\Users\NarF\.m2\repository\org\openjfx\javafx-graphics\11.0.2\javafx-graphics-11.0.2.jar;C:\Users\NarF\.m2\repository\org\openjfx\javafx-graphics\11.0.2\javafx-graphics-11.0.2-win.jar;C:\Users\NarF\.m2\repository\org\openjfx\javafx-fxml\11.0.2\javafx-fxml-11.0.2.jar;C:\Users\NarF\.m2\repository\org\openjfx\javafx-fxml\11.0.2\javafx-fxml-11.0.2-win.jar;C:\Users\NarF\.m2\repository\org\controlsfx\controlsfx\11.0.0\controlsfx-11.0.0.jar;C:\Users\NarF\.m2\repository\org\openjfx\javafx-base\11\javafx-base-11.jar;C:\Users\NarF\.m2\repository\org\openjfx\javafx-base\11\javafx-base-11-win.jar;C:\Users\NarF\.m2\repository\org\openjfx\javafx-media\11\javafx-media-11.jar;C:\Users\NarF\.m2\repository\org\openjfx\javafx-media\11\javafx-media-11-win.jar;C:\Users\NarF\.m2\repository\org\openjfx\javafx-web\11\javafx-web-11.jar;C:\Users\NarF\.m2\repository\org\openjfx\javafx-web\11\javafx-web-11-win.jar -Djdk.module.main=tiendaclub 
java_command: tiendaclub/tiendaclub.MainFX
java_class_path (initial): <not set>
Launcher Type: SUN_STANDARD

[Global flags]
     intx CICompilerCount                          = 4                                         {product} {ergonomic}
     uint ConcGCThreads                            = 2                                         {product} {ergonomic}
     uint G1ConcRefinementThreads                  = 8                                         {product} {ergonomic}
   size_t G1HeapRegionSize                         = 1048576                                   {product} {ergonomic}
    uintx GCDrainStackTargetSize                   = 64                                        {product} {ergonomic}
   size_t InitialHeapSize                          = 268435456                                 {product} {ergonomic}
   size_t MarkStackSize                            = 4194304                                   {product} {ergonomic}
   size_t MaxHeapSize                              = 4282384384                                {product} {ergonomic}
   size_t MaxNewSize                               = 2569011200                                {product} {ergonomic}
   size_t MinHeapDeltaBytes                        = 1048576                                   {product} {ergonomic}
    uintx NonNMethodCodeHeapSize                   = 5835340                                {pd product} {ergonomic}
    uintx NonProfiledCodeHeapSize                  = 122911450                              {pd product} {ergonomic}
    uintx ProfiledCodeHeapSize                     = 122911450                              {pd product} {ergonomic}
    uintx ReservedCodeCacheSize                    = 251658240                              {pd product} {ergonomic}
     bool SegmentedCodeCache                       = true                                      {product} {ergonomic}
     bool UseCompressedClassPointers               = true                                 {lp64_product} {ergonomic}
     bool UseCompressedOops                        = true                                 {lp64_product} {ergonomic}
     bool UseG1GC                                  = true                                      {product} {ergonomic}
     bool UseLargePagesIndividualAllocation        = false                                  {pd product} {ergonomic}

Logging:
Log output configuration:
 #0: stdout all=warning uptime,level,tags
 #1: stderr all=off uptime,level,tags

Environment Variables:
PATH=C:\Users\NarF\AppData\Local\JetBrains\Toolbox\apps\IDEA-U\ch-0\192.5728.98\jbr\\bin;C:\Users\NarF\AppData\Local\JetBrains\Toolbox\apps\IDEA-U\ch-0\192.5728.98\jbr\\bin\server;C:\WINDOWS\system32;C:\WINDOWS;C:\WINDOWS\System32\Wbem;C:\WINDOWS\System32\WindowsPowerShell\v1.0\;C:\WINDOWS\System32\OpenSSH\;C:\Program Files\dotnet\;C:\Program Files\Microsoft SQL Server\Client SDK\ODBC\170\Tools\Binn\;C:\Program Files (x86)\Streamlink\bin;C:\Program Files\Git\cmd;C:\Program Files\PuTTY\;C:\Program Files\Java\jdk1.8.0_111\bin;C:\Program Files\Java\jdk1.8.0_111\db\bin;C:\Program Files\Microsoft SQL Server\130\Tools\Binn\;C:\Program Files\Oracle\VirtualBox;C:\Users\NarF\AppData\Local\Microsoft\WindowsApps;C:\Users\NarF\AppData\Local\GitHubDesktop\bin;C:\Users\NarF\AppData\Local\atom\bin;C:\Users\NarF\AppData\Local\Microsoft\WindowsApps;
USERNAME=NarF
OS=Windows_NT
PROCESSOR_IDENTIFIER=AMD64 Family 21 Model 1 Stepping 2, AuthenticAMD



---------------  S Y S T E M  ---------------

OS: Windows 10 , 64 bit Build 18922 (10.0.18922.1000)

CPU:total 8 (initial active 8) (8 cores per cpu, 1 threads per core) family 21 model 1 stepping 2, cmov, cx8, fxsr, mmx, sse, sse2, sse3, ssse3, sse4.1, sse4.2, popcnt, avx, aes, clmul, mmxext, 3dnowpref, lzcnt, sse4a, tsc, tscinvbit, tscinv

Memory: 4k page, system-wide physical 16329M (5124M free)
TotalPageFile size 26030M (AvailPageFile size 4499M)
current process WorkingSet (physical memory assigned to process): 192M, peak: 215M
current process commit charge ("private bytes"): 440M, peak: 465M

vm_info: Java HotSpot(TM) 64-Bit Server VM (11.0.4+10-LTS) for windows-amd64 JRE (11.0.4+10-LTS), built on Jul  4 2019 16:28:13 by "mach5one" with MS VC++ 15.5 (VS2017)

END.
